<?xml version="1.0" encoding="UTF-8"?>
<!-- Generated by org.testng.reporters.JUnitXMLReporter -->
<testsuite hostname="DESKTOP-994P8DU" ignored="0" name="Smoke Test" tests="17" failures="0" timestamp="2024-07-09T20:26:14 IST" time="16.454" errors="0">
  <testcase name="@BeforeClass setup" time="9.068" classname="pages.BasePage">
    <failure type="org.openqa.selenium.SessionNotCreatedException" message="session not created: This version of ChromeDriver only supports Chrome version 114
Current browser version is 126.0.6478.127 with binary path C:\Program Files (x86)\Google\Chrome\Application\chrome.exe
Build info: version: &amp;apos;3.141.59&amp;apos;, revision: &amp;apos;e82be7d358&amp;apos;, time: &amp;apos;2018-11-14T08:17:03&amp;apos;
System info: host: &amp;apos;DESKTOP-994P8DU&amp;apos;, ip: &amp;apos;192.168.1.6&amp;apos;, os.name: &amp;apos;Windows 10&amp;apos;, os.arch: &amp;apos;amd64&amp;apos;, os.version: &amp;apos;10.0&amp;apos;, java.version: &amp;apos;1.8.0_202&amp;apos;
Driver info: driver.version: ChromeDriver
remote stacktrace: Backtrace:
	GetHandleVerifier [0x003EA813+48355]
	(No symbol) [0x0037C4B1]
	(No symbol) [0x00285358]
	(No symbol) [0x002A61AC]
	(No symbol) [0x002A1EF3]
	(No symbol) [0x002A0579]
	(No symbol) [0x002D0C55]
	(No symbol) [0x002D093C]
	(No symbol) [0x002CA536]
	(No symbol) [0x002A82DC]
	(No symbol) [0x002A93DD]
	GetHandleVerifier [0x0064AABD+2539405]
	GetHandleVerifier [0x0068A78F+2800735]
	GetHandleVerifier [0x0068456C+2775612]
	GetHandleVerifier [0x004751E0+616112]
	(No symbol) [0x00385F8C]
	(No symbol) [0x00382328]
	(No symbol) [0x0038240B]
	(No symbol) [0x00374FF7]
	BaseThreadInitThunk [0x7640FCC9+25]
	RtlGetAppContainerNamedObjectPath [0x773080CE+286]
	RtlGetAppContainerNamedObjectPath [0x7730809E+238]
">
      <![CDATA[org.openqa.selenium.SessionNotCreatedException: session not created: This version of ChromeDriver only supports Chrome version 114
Current browser version is 126.0.6478.127 with binary path C:\Program Files (x86)\Google\Chrome\Application\chrome.exe
Build info: version: '3.141.59', revision: 'e82be7d358', time: '2018-11-14T08:17:03'
System info: host: 'DESKTOP-994P8DU', ip: '192.168.1.6', os.name: 'Windows 10', os.arch: 'amd64', os.version: '10.0', java.version: '1.8.0_202'
Driver info: driver.version: ChromeDriver
remote stacktrace: Backtrace:
GetHandleVerifier [0x003EA813+48355]
(No symbol) [0x0037C4B1]
(No symbol) [0x00285358]
(No symbol) [0x002A61AC]
(No symbol) [0x002A1EF3]
(No symbol) [0x002A0579]
(No symbol) [0x002D0C55]
(No symbol) [0x002D093C]
(No symbol) [0x002CA536]
(No symbol) [0x002A82DC]
(No symbol) [0x002A93DD]
GetHandleVerifier [0x0064AABD+2539405]
GetHandleVerifier [0x0068A78F+2800735]
GetHandleVerifier [0x0068456C+2775612]
GetHandleVerifier [0x004751E0+616112]
(No symbol) [0x00385F8C]
(No symbol) [0x00382328]
(No symbol) [0x0038240B]
(No symbol) [0x00374FF7]
BaseThreadInitThunk [0x7640FCC9+25]
RtlGetAppContainerNamedObjectPath [0x773080CE+286]
RtlGetAppContainerNamedObjectPath [0x7730809E+238]

at org.openqa.selenium.remote.W3CHandshakeResponse.lambda$errorHandler$0(W3CHandshakeResponse.java:62)
at org.openqa.selenium.remote.HandshakeResponse.lambda$getResponseFunction$0(HandshakeResponse.java:30)
at org.openqa.selenium.remote.ProtocolHandshake.lambda$createSession$0(ProtocolHandshake.java:126)
at java.util.stream.ReferencePipeline$3$1.accept(ReferencePipeline.java:193)
at java.util.Spliterators$ArraySpliterator.tryAdvance(Spliterators.java:958)
at java.util.stream.ReferencePipeline.forEachWithCancel(ReferencePipeline.java:126)
at java.util.stream.AbstractPipeline.copyIntoWithCancel(AbstractPipeline.java:498)
at java.util.stream.AbstractPipeline.copyInto(AbstractPipeline.java:485)
at java.util.stream.AbstractPipeline.wrapAndCopyInto(AbstractPipeline.java:471)
at java.util.stream.FindOps$FindOp.evaluateSequential(FindOps.java:152)
at java.util.stream.AbstractPipeline.evaluate(AbstractPipeline.java:234)
at java.util.stream.ReferencePipeline.findFirst(ReferencePipeline.java:464)
at org.openqa.selenium.remote.ProtocolHandshake.createSession(ProtocolHandshake.java:128)
at org.openqa.selenium.remote.ProtocolHandshake.createSession(ProtocolHandshake.java:74)
at org.openqa.selenium.remote.HttpCommandExecutor.execute(HttpCommandExecutor.java:136)
at org.openqa.selenium.remote.service.DriverCommandExecutor.execute(DriverCommandExecutor.java:83)
at org.openqa.selenium.remote.RemoteWebDriver.execute(RemoteWebDriver.java:552)
at org.openqa.selenium.remote.RemoteWebDriver.startSession(RemoteWebDriver.java:213)
at org.openqa.selenium.remote.RemoteWebDriver.<init>(RemoteWebDriver.java:131)
at org.openqa.selenium.chrome.ChromeDriver.<init>(ChromeDriver.java:181)
at org.openqa.selenium.chrome.ChromeDriver.<init>(ChromeDriver.java:168)
at org.openqa.selenium.chrome.ChromeDriver.<init>(ChromeDriver.java:123)
at pages.BasePage.setup(BasePage.java:25)
at java.util.ArrayList.forEach(ArrayList.java:1257)
... Removed 33 stack frames]]>
    </failure>
  </testcase> <!-- @BeforeClass setup -->
  <testcase name="@AfterClass tearDown" time="0.0" classname="pages.BasePage">
    <failure type="java.lang.NullPointerException">
      <![CDATA[java.lang.NullPointerException
at pages.BasePage.tearDown(BasePage.java:33)
at java.util.ArrayList.forEach(ArrayList.java:1257)
... Removed 29 stack frames]]>
    </failure>
  </testcase> <!-- @AfterClass tearDown -->
  <testcase name="@BeforeClass setup" time="3.432" classname="pages.BasePage">
    <failure type="org.openqa.selenium.SessionNotCreatedException" message="session not created: This version of ChromeDriver only supports Chrome version 114
Current browser version is 126.0.6478.127 with binary path C:\Program Files (x86)\Google\Chrome\Application\chrome.exe
Build info: version: &amp;apos;3.141.59&amp;apos;, revision: &amp;apos;e82be7d358&amp;apos;, time: &amp;apos;2018-11-14T08:17:03&amp;apos;
System info: host: &amp;apos;DESKTOP-994P8DU&amp;apos;, ip: &amp;apos;192.168.1.6&amp;apos;, os.name: &amp;apos;Windows 10&amp;apos;, os.arch: &amp;apos;amd64&amp;apos;, os.version: &amp;apos;10.0&amp;apos;, java.version: &amp;apos;1.8.0_202&amp;apos;
Driver info: driver.version: ChromeDriver
remote stacktrace: Backtrace:
	GetHandleVerifier [0x003EA813+48355]
	(No symbol) [0x0037C4B1]
	(No symbol) [0x00285358]
	(No symbol) [0x002A61AC]
	(No symbol) [0x002A1EF3]
	(No symbol) [0x002A0579]
	(No symbol) [0x002D0C55]
	(No symbol) [0x002D093C]
	(No symbol) [0x002CA536]
	(No symbol) [0x002A82DC]
	(No symbol) [0x002A93DD]
	GetHandleVerifier [0x0064AABD+2539405]
	GetHandleVerifier [0x0068A78F+2800735]
	GetHandleVerifier [0x0068456C+2775612]
	GetHandleVerifier [0x004751E0+616112]
	(No symbol) [0x00385F8C]
	(No symbol) [0x00382328]
	(No symbol) [0x0038240B]
	(No symbol) [0x00374FF7]
	BaseThreadInitThunk [0x7640FCC9+25]
	RtlGetAppContainerNamedObjectPath [0x773080CE+286]
	RtlGetAppContainerNamedObjectPath [0x7730809E+238]
">
      <![CDATA[org.openqa.selenium.SessionNotCreatedException: session not created: This version of ChromeDriver only supports Chrome version 114
Current browser version is 126.0.6478.127 with binary path C:\Program Files (x86)\Google\Chrome\Application\chrome.exe
Build info: version: '3.141.59', revision: 'e82be7d358', time: '2018-11-14T08:17:03'
System info: host: 'DESKTOP-994P8DU', ip: '192.168.1.6', os.name: 'Windows 10', os.arch: 'amd64', os.version: '10.0', java.version: '1.8.0_202'
Driver info: driver.version: ChromeDriver
remote stacktrace: Backtrace:
GetHandleVerifier [0x003EA813+48355]
(No symbol) [0x0037C4B1]
(No symbol) [0x00285358]
(No symbol) [0x002A61AC]
(No symbol) [0x002A1EF3]
(No symbol) [0x002A0579]
(No symbol) [0x002D0C55]
(No symbol) [0x002D093C]
(No symbol) [0x002CA536]
(No symbol) [0x002A82DC]
(No symbol) [0x002A93DD]
GetHandleVerifier [0x0064AABD+2539405]
GetHandleVerifier [0x0068A78F+2800735]
GetHandleVerifier [0x0068456C+2775612]
GetHandleVerifier [0x004751E0+616112]
(No symbol) [0x00385F8C]
(No symbol) [0x00382328]
(No symbol) [0x0038240B]
(No symbol) [0x00374FF7]
BaseThreadInitThunk [0x7640FCC9+25]
RtlGetAppContainerNamedObjectPath [0x773080CE+286]
RtlGetAppContainerNamedObjectPath [0x7730809E+238]

at org.openqa.selenium.remote.W3CHandshakeResponse.lambda$errorHandler$0(W3CHandshakeResponse.java:62)
at org.openqa.selenium.remote.HandshakeResponse.lambda$getResponseFunction$0(HandshakeResponse.java:30)
at org.openqa.selenium.remote.ProtocolHandshake.lambda$createSession$0(ProtocolHandshake.java:126)
at java.util.stream.ReferencePipeline$3$1.accept(ReferencePipeline.java:193)
at java.util.Spliterators$ArraySpliterator.tryAdvance(Spliterators.java:958)
at java.util.stream.ReferencePipeline.forEachWithCancel(ReferencePipeline.java:126)
at java.util.stream.AbstractPipeline.copyIntoWithCancel(AbstractPipeline.java:498)
at java.util.stream.AbstractPipeline.copyInto(AbstractPipeline.java:485)
at java.util.stream.AbstractPipeline.wrapAndCopyInto(AbstractPipeline.java:471)
at java.util.stream.FindOps$FindOp.evaluateSequential(FindOps.java:152)
at java.util.stream.AbstractPipeline.evaluate(AbstractPipeline.java:234)
at java.util.stream.ReferencePipeline.findFirst(ReferencePipeline.java:464)
at org.openqa.selenium.remote.ProtocolHandshake.createSession(ProtocolHandshake.java:128)
at org.openqa.selenium.remote.ProtocolHandshake.createSession(ProtocolHandshake.java:74)
at org.openqa.selenium.remote.HttpCommandExecutor.execute(HttpCommandExecutor.java:136)
at org.openqa.selenium.remote.service.DriverCommandExecutor.execute(DriverCommandExecutor.java:83)
at org.openqa.selenium.remote.RemoteWebDriver.execute(RemoteWebDriver.java:552)
at org.openqa.selenium.remote.RemoteWebDriver.startSession(RemoteWebDriver.java:213)
at org.openqa.selenium.remote.RemoteWebDriver.<init>(RemoteWebDriver.java:131)
at org.openqa.selenium.chrome.ChromeDriver.<init>(ChromeDriver.java:181)
at org.openqa.selenium.chrome.ChromeDriver.<init>(ChromeDriver.java:168)
at org.openqa.selenium.chrome.ChromeDriver.<init>(ChromeDriver.java:123)
at pages.BasePage.setup(BasePage.java:25)
at java.util.ArrayList.forEach(ArrayList.java:1257)
... Removed 33 stack frames]]>
    </failure>
  </testcase> <!-- @BeforeClass setup -->
  <testcase name="@AfterClass tearDown" time="0.0" classname="pages.BasePage">
    <failure type="java.lang.NullPointerException">
      <![CDATA[java.lang.NullPointerException
at pages.BasePage.tearDown(BasePage.java:33)
at java.util.ArrayList.forEach(ArrayList.java:1257)
... Removed 29 stack frames]]>
    </failure>
  </testcase> <!-- @AfterClass tearDown -->
  <testcase name="@BeforeClass setup" time="1.964" classname="pages.BasePage">
    <failure type="org.openqa.selenium.SessionNotCreatedException" message="session not created: This version of ChromeDriver only supports Chrome version 114
Current browser version is 126.0.6478.127 with binary path C:\Program Files (x86)\Google\Chrome\Application\chrome.exe
Build info: version: &amp;apos;3.141.59&amp;apos;, revision: &amp;apos;e82be7d358&amp;apos;, time: &amp;apos;2018-11-14T08:17:03&amp;apos;
System info: host: &amp;apos;DESKTOP-994P8DU&amp;apos;, ip: &amp;apos;192.168.1.6&amp;apos;, os.name: &amp;apos;Windows 10&amp;apos;, os.arch: &amp;apos;amd64&amp;apos;, os.version: &amp;apos;10.0&amp;apos;, java.version: &amp;apos;1.8.0_202&amp;apos;
Driver info: driver.version: ChromeDriver
remote stacktrace: Backtrace:
	GetHandleVerifier [0x003EA813+48355]
	(No symbol) [0x0037C4B1]
	(No symbol) [0x00285358]
	(No symbol) [0x002A61AC]
	(No symbol) [0x002A1EF3]
	(No symbol) [0x002A0579]
	(No symbol) [0x002D0C55]
	(No symbol) [0x002D093C]
	(No symbol) [0x002CA536]
	(No symbol) [0x002A82DC]
	(No symbol) [0x002A93DD]
	GetHandleVerifier [0x0064AABD+2539405]
	GetHandleVerifier [0x0068A78F+2800735]
	GetHandleVerifier [0x0068456C+2775612]
	GetHandleVerifier [0x004751E0+616112]
	(No symbol) [0x00385F8C]
	(No symbol) [0x00382328]
	(No symbol) [0x0038240B]
	(No symbol) [0x00374FF7]
	BaseThreadInitThunk [0x7640FCC9+25]
	RtlGetAppContainerNamedObjectPath [0x773080CE+286]
	RtlGetAppContainerNamedObjectPath [0x7730809E+238]
">
      <![CDATA[org.openqa.selenium.SessionNotCreatedException: session not created: This version of ChromeDriver only supports Chrome version 114
Current browser version is 126.0.6478.127 with binary path C:\Program Files (x86)\Google\Chrome\Application\chrome.exe
Build info: version: '3.141.59', revision: 'e82be7d358', time: '2018-11-14T08:17:03'
System info: host: 'DESKTOP-994P8DU', ip: '192.168.1.6', os.name: 'Windows 10', os.arch: 'amd64', os.version: '10.0', java.version: '1.8.0_202'
Driver info: driver.version: ChromeDriver
remote stacktrace: Backtrace:
GetHandleVerifier [0x003EA813+48355]
(No symbol) [0x0037C4B1]
(No symbol) [0x00285358]
(No symbol) [0x002A61AC]
(No symbol) [0x002A1EF3]
(No symbol) [0x002A0579]
(No symbol) [0x002D0C55]
(No symbol) [0x002D093C]
(No symbol) [0x002CA536]
(No symbol) [0x002A82DC]
(No symbol) [0x002A93DD]
GetHandleVerifier [0x0064AABD+2539405]
GetHandleVerifier [0x0068A78F+2800735]
GetHandleVerifier [0x0068456C+2775612]
GetHandleVerifier [0x004751E0+616112]
(No symbol) [0x00385F8C]
(No symbol) [0x00382328]
(No symbol) [0x0038240B]
(No symbol) [0x00374FF7]
BaseThreadInitThunk [0x7640FCC9+25]
RtlGetAppContainerNamedObjectPath [0x773080CE+286]
RtlGetAppContainerNamedObjectPath [0x7730809E+238]

at org.openqa.selenium.remote.W3CHandshakeResponse.lambda$errorHandler$0(W3CHandshakeResponse.java:62)
at org.openqa.selenium.remote.HandshakeResponse.lambda$getResponseFunction$0(HandshakeResponse.java:30)
at org.openqa.selenium.remote.ProtocolHandshake.lambda$createSession$0(ProtocolHandshake.java:126)
at java.util.stream.ReferencePipeline$3$1.accept(ReferencePipeline.java:193)
at java.util.Spliterators$ArraySpliterator.tryAdvance(Spliterators.java:958)
at java.util.stream.ReferencePipeline.forEachWithCancel(ReferencePipeline.java:126)
at java.util.stream.AbstractPipeline.copyIntoWithCancel(AbstractPipeline.java:498)
at java.util.stream.AbstractPipeline.copyInto(AbstractPipeline.java:485)
at java.util.stream.AbstractPipeline.wrapAndCopyInto(AbstractPipeline.java:471)
at java.util.stream.FindOps$FindOp.evaluateSequential(FindOps.java:152)
at java.util.stream.AbstractPipeline.evaluate(AbstractPipeline.java:234)
at java.util.stream.ReferencePipeline.findFirst(ReferencePipeline.java:464)
at org.openqa.selenium.remote.ProtocolHandshake.createSession(ProtocolHandshake.java:128)
at org.openqa.selenium.remote.ProtocolHandshake.createSession(ProtocolHandshake.java:74)
at org.openqa.selenium.remote.HttpCommandExecutor.execute(HttpCommandExecutor.java:136)
at org.openqa.selenium.remote.service.DriverCommandExecutor.execute(DriverCommandExecutor.java:83)
at org.openqa.selenium.remote.RemoteWebDriver.execute(RemoteWebDriver.java:552)
at org.openqa.selenium.remote.RemoteWebDriver.startSession(RemoteWebDriver.java:213)
at org.openqa.selenium.remote.RemoteWebDriver.<init>(RemoteWebDriver.java:131)
at org.openqa.selenium.chrome.ChromeDriver.<init>(ChromeDriver.java:181)
at org.openqa.selenium.chrome.ChromeDriver.<init>(ChromeDriver.java:168)
at org.openqa.selenium.chrome.ChromeDriver.<init>(ChromeDriver.java:123)
at pages.BasePage.setup(BasePage.java:25)
at java.util.ArrayList.forEach(ArrayList.java:1257)
... Removed 33 stack frames]]>
    </failure>
  </testcase> <!-- @BeforeClass setup -->
  <testcase name="@AfterClass tearDown" time="0.0" classname="pages.BasePage">
    <failure type="java.lang.NullPointerException">
      <![CDATA[java.lang.NullPointerException
at pages.BasePage.tearDown(BasePage.java:33)
at java.util.ArrayList.forEach(ArrayList.java:1257)
... Removed 29 stack frames]]>
    </failure>
  </testcase> <!-- @AfterClass tearDown -->
  <testcase name="@BeforeClass setup" time="1.9" classname="pages.BasePage">
    <failure type="org.openqa.selenium.SessionNotCreatedException" message="session not created: This version of ChromeDriver only supports Chrome version 114
Current browser version is 126.0.6478.127 with binary path C:\Program Files (x86)\Google\Chrome\Application\chrome.exe
Build info: version: &amp;apos;3.141.59&amp;apos;, revision: &amp;apos;e82be7d358&amp;apos;, time: &amp;apos;2018-11-14T08:17:03&amp;apos;
System info: host: &amp;apos;DESKTOP-994P8DU&amp;apos;, ip: &amp;apos;192.168.1.6&amp;apos;, os.name: &amp;apos;Windows 10&amp;apos;, os.arch: &amp;apos;amd64&amp;apos;, os.version: &amp;apos;10.0&amp;apos;, java.version: &amp;apos;1.8.0_202&amp;apos;
Driver info: driver.version: ChromeDriver
remote stacktrace: Backtrace:
	GetHandleVerifier [0x003EA813+48355]
	(No symbol) [0x0037C4B1]
	(No symbol) [0x00285358]
	(No symbol) [0x002A61AC]
	(No symbol) [0x002A1EF3]
	(No symbol) [0x002A0579]
	(No symbol) [0x002D0C55]
	(No symbol) [0x002D093C]
	(No symbol) [0x002CA536]
	(No symbol) [0x002A82DC]
	(No symbol) [0x002A93DD]
	GetHandleVerifier [0x0064AABD+2539405]
	GetHandleVerifier [0x0068A78F+2800735]
	GetHandleVerifier [0x0068456C+2775612]
	GetHandleVerifier [0x004751E0+616112]
	(No symbol) [0x00385F8C]
	(No symbol) [0x00382328]
	(No symbol) [0x0038240B]
	(No symbol) [0x00374FF7]
	BaseThreadInitThunk [0x7640FCC9+25]
	RtlGetAppContainerNamedObjectPath [0x773080CE+286]
	RtlGetAppContainerNamedObjectPath [0x7730809E+238]
">
      <![CDATA[org.openqa.selenium.SessionNotCreatedException: session not created: This version of ChromeDriver only supports Chrome version 114
Current browser version is 126.0.6478.127 with binary path C:\Program Files (x86)\Google\Chrome\Application\chrome.exe
Build info: version: '3.141.59', revision: 'e82be7d358', time: '2018-11-14T08:17:03'
System info: host: 'DESKTOP-994P8DU', ip: '192.168.1.6', os.name: 'Windows 10', os.arch: 'amd64', os.version: '10.0', java.version: '1.8.0_202'
Driver info: driver.version: ChromeDriver
remote stacktrace: Backtrace:
GetHandleVerifier [0x003EA813+48355]
(No symbol) [0x0037C4B1]
(No symbol) [0x00285358]
(No symbol) [0x002A61AC]
(No symbol) [0x002A1EF3]
(No symbol) [0x002A0579]
(No symbol) [0x002D0C55]
(No symbol) [0x002D093C]
(No symbol) [0x002CA536]
(No symbol) [0x002A82DC]
(No symbol) [0x002A93DD]
GetHandleVerifier [0x0064AABD+2539405]
GetHandleVerifier [0x0068A78F+2800735]
GetHandleVerifier [0x0068456C+2775612]
GetHandleVerifier [0x004751E0+616112]
(No symbol) [0x00385F8C]
(No symbol) [0x00382328]
(No symbol) [0x0038240B]
(No symbol) [0x00374FF7]
BaseThreadInitThunk [0x7640FCC9+25]
RtlGetAppContainerNamedObjectPath [0x773080CE+286]
RtlGetAppContainerNamedObjectPath [0x7730809E+238]

at org.openqa.selenium.remote.W3CHandshakeResponse.lambda$errorHandler$0(W3CHandshakeResponse.java:62)
at org.openqa.selenium.remote.HandshakeResponse.lambda$getResponseFunction$0(HandshakeResponse.java:30)
at org.openqa.selenium.remote.ProtocolHandshake.lambda$createSession$0(ProtocolHandshake.java:126)
at java.util.stream.ReferencePipeline$3$1.accept(ReferencePipeline.java:193)
at java.util.Spliterators$ArraySpliterator.tryAdvance(Spliterators.java:958)
at java.util.stream.ReferencePipeline.forEachWithCancel(ReferencePipeline.java:126)
at java.util.stream.AbstractPipeline.copyIntoWithCancel(AbstractPipeline.java:498)
at java.util.stream.AbstractPipeline.copyInto(AbstractPipeline.java:485)
at java.util.stream.AbstractPipeline.wrapAndCopyInto(AbstractPipeline.java:471)
at java.util.stream.FindOps$FindOp.evaluateSequential(FindOps.java:152)
at java.util.stream.AbstractPipeline.evaluate(AbstractPipeline.java:234)
at java.util.stream.ReferencePipeline.findFirst(ReferencePipeline.java:464)
at org.openqa.selenium.remote.ProtocolHandshake.createSession(ProtocolHandshake.java:128)
at org.openqa.selenium.remote.ProtocolHandshake.createSession(ProtocolHandshake.java:74)
at org.openqa.selenium.remote.HttpCommandExecutor.execute(HttpCommandExecutor.java:136)
at org.openqa.selenium.remote.service.DriverCommandExecutor.execute(DriverCommandExecutor.java:83)
at org.openqa.selenium.remote.RemoteWebDriver.execute(RemoteWebDriver.java:552)
at org.openqa.selenium.remote.RemoteWebDriver.startSession(RemoteWebDriver.java:213)
at org.openqa.selenium.remote.RemoteWebDriver.<init>(RemoteWebDriver.java:131)
at org.openqa.selenium.chrome.ChromeDriver.<init>(ChromeDriver.java:181)
at org.openqa.selenium.chrome.ChromeDriver.<init>(ChromeDriver.java:168)
at org.openqa.selenium.chrome.ChromeDriver.<init>(ChromeDriver.java:123)
at pages.BasePage.setup(BasePage.java:25)
at java.util.ArrayList.forEach(ArrayList.java:1257)
... Removed 33 stack frames]]>
    </failure>
  </testcase> <!-- @BeforeClass setup -->
  <testcase name="@AfterClass tearDown" time="0.001" classname="pages.BasePage">
    <failure type="java.lang.NullPointerException">
      <![CDATA[java.lang.NullPointerException
at pages.BasePage.tearDown(BasePage.java:33)
at java.util.ArrayList.forEach(ArrayList.java:1257)
... Removed 29 stack frames]]>
    </failure>
  </testcase> <!-- @AfterClass tearDown -->
  <testcase name="verifyTitle" time="0.0" classname="tests.HomePageTest">
    <skipped/>
  </testcase> <!-- verifyTitle -->
  <testcase name="verifyLogo" time="0.0" classname="tests.HomePageTest">
    <skipped/>
  </testcase> <!-- verifyLogo -->
  <testcase name="verifyHeadsetsDropdown" time="0.0" classname="tests.HomePageTest">
    <skipped/>
  </testcase> <!-- verifyHeadsetsDropdown -->
  <testcase name="navigateToLoginPage" time="0.0" classname="tests.LoginPageTest">
    <skipped/>
  </testcase> <!-- navigateToLoginPage -->
  <testcase name="verifyInvalidLoginCredentials" time="0.0" classname="tests.LoginPageTest">
    <skipped/>
  </testcase> <!-- verifyInvalidLoginCredentials -->
  <testcase name="verifyInvalidLoginCredentials" time="0.0" classname="tests.LoginPageTest">
    <skipped/>
  </testcase> <!-- verifyInvalidLoginCredentials -->
  <testcase name="verifyLogin" time="0.0" classname="tests.LoginPageTest">
    <skipped/>
  </testcase> <!-- verifyLogin -->
  <testcase name="navigateToForumsPage" time="0.0" classname="tests.ForumsPageTest">
    <skipped/>
  </testcase> <!-- navigateToForumsPage -->
  <testcase name="verifyForumsHeaderPresent" time="0.0" classname="tests.ForumsPageTest">
    <skipped/>
  </testcase> <!-- verifyForumsHeaderPresent -->
  <testcase name="clickNextPage" time="0.0" classname="tests.ForumsPageTest">
    <skipped/>
  </testcase> <!-- clickNextPage -->
  <testcase name="verifyForumSearch" time="0.0" classname="tests.ForumsPageTest">
    <skipped/>
  </testcase> <!-- verifyForumSearch -->
  <testcase name="navigateToCart" time="0.0" classname="tests.CheckoutTest">
    <skipped/>
  </testcase> <!-- navigateToCart -->
  <testcase name="verifyRemovingFromCart" time="0.0" classname="tests.CheckoutTest">
    <skipped/>
  </testcase> <!-- verifyRemovingFromCart -->
  <testcase name="verifyReadingItemToCart" time="0.001" classname="tests.CheckoutTest">
    <skipped/>
  </testcase> <!-- verifyReadingItemToCart -->
  <testcase name="selectAShippingCountry" time="0.0" classname="tests.CheckoutTest">
    <skipped/>
  </testcase> <!-- selectAShippingCountry -->
  <testcase name="verifyClickingCheckoutLoadsCheckoutPage" time="0.0" classname="tests.CheckoutTest">
    <skipped/>
  </testcase> <!-- verifyClickingCheckoutLoadsCheckoutPage -->
  <testcase name="enterPersonalDetails" time="0.0" classname="tests.CheckoutTest">
    <skipped/>
  </testcase> <!-- enterPersonalDetails -->
</testsuite> <!-- Smoke Test -->
