<?xml version="1.0" encoding="UTF-8"?>
<testsuite xmlns:xsi="http://www.w3.org/2001/XMLSchema-instance" xsi:noNamespaceSchemaLocation="https://maven.apache.org/surefire/maven-surefire-plugin/xsd/surefire-test-report.xsd" name="TestSuite" time="18.199" tests="25" errors="0" skipped="17" failures="8">
  <properties>
    <property name="sun.desktop" value="windows"/>
    <property name="awt.toolkit" value="sun.awt.windows.WToolkit"/>
    <property name="file.encoding.pkg" value="sun.io"/>
    <property name="java.specification.version" value="1.8"/>
    <property name="sun.cpu.isalist" value="amd64"/>
    <property name="sun.jnu.encoding" value="Cp1252"/>
    <property name="java.class.path" value="D:\Workspace\interview\selenium testng\Java-Selenium-TestNG-Framework\target\test-classes;D:\Workspace\interview\selenium testng\Java-Selenium-TestNG-Framework\target\classes;C:\Users\user\.m2\repository\org\seleniumhq\selenium\selenium-java\3.141.59\selenium-java-3.141.59.jar;C:\Users\user\.m2\repository\org\seleniumhq\selenium\selenium-api\3.141.59\selenium-api-3.141.59.jar;C:\Users\user\.m2\repository\org\seleniumhq\selenium\selenium-chrome-driver\3.141.59\selenium-chrome-driver-3.141.59.jar;C:\Users\user\.m2\repository\org\seleniumhq\selenium\selenium-edge-driver\3.141.59\selenium-edge-driver-3.141.59.jar;C:\Users\user\.m2\repository\org\seleniumhq\selenium\selenium-firefox-driver\3.141.59\selenium-firefox-driver-3.141.59.jar;C:\Users\user\.m2\repository\org\seleniumhq\selenium\selenium-ie-driver\3.141.59\selenium-ie-driver-3.141.59.jar;C:\Users\user\.m2\repository\org\seleniumhq\selenium\selenium-opera-driver\3.141.59\selenium-opera-driver-3.141.59.jar;C:\Users\user\.m2\repository\org\seleniumhq\selenium\selenium-remote-driver\3.141.59\selenium-remote-driver-3.141.59.jar;C:\Users\user\.m2\repository\org\seleniumhq\selenium\selenium-safari-driver\3.141.59\selenium-safari-driver-3.141.59.jar;C:\Users\user\.m2\repository\org\seleniumhq\selenium\selenium-support\3.141.59\selenium-support-3.141.59.jar;C:\Users\user\.m2\repository\net\bytebuddy\byte-buddy\1.8.15\byte-buddy-1.8.15.jar;C:\Users\user\.m2\repository\org\apache\commons\commons-exec\1.3\commons-exec-1.3.jar;C:\Users\user\.m2\repository\com\google\guava\guava\25.0-jre\guava-25.0-jre.jar;C:\Users\user\.m2\repository\com\google\code\findbugs\jsr305\1.3.9\jsr305-1.3.9.jar;C:\Users\user\.m2\repository\org\checkerframework\checker-compat-qual\2.0.0\checker-compat-qual-2.0.0.jar;C:\Users\user\.m2\repository\com\google\errorprone\error_prone_annotations\2.1.3\error_prone_annotations-2.1.3.jar;C:\Users\user\.m2\repository\com\google\j2objc\j2objc-annotations\1.1\j2objc-annotations-1.1.jar;C:\Users\user\.m2\repository\org\codehaus\mojo\animal-sniffer-annotations\1.14\animal-sniffer-annotations-1.14.jar;C:\Users\user\.m2\repository\com\squareup\okhttp3\okhttp\3.11.0\okhttp-3.11.0.jar;C:\Users\user\.m2\repository\com\squareup\okio\okio\1.14.0\okio-1.14.0.jar;C:\Users\user\.m2\repository\org\testng\testng\7.1.0\testng-7.1.0.jar;C:\Users\user\.m2\repository\com\beust\jcommander\1.72\jcommander-1.72.jar;C:\Users\user\.m2\repository\com\google\inject\guice\4.1.0\guice-4.1.0-no_aop.jar;C:\Users\user\.m2\repository\javax\inject\javax.inject\1\javax.inject-1.jar;C:\Users\user\.m2\repository\aopalliance\aopalliance\1.0\aopalliance-1.0.jar;C:\Users\user\.m2\repository\org\yaml\snakeyaml\1.21\snakeyaml-1.21.jar;C:\Users\user\.m2\repository\io\github\bonigarcia\webdrivermanager\3.8.1\webdrivermanager-3.8.1.jar;C:\Users\user\.m2\repository\org\slf4j\slf4j-api\1.7.25\slf4j-api-1.7.25.jar;C:\Users\user\.m2\repository\com\google\code\gson\gson\2.8.5\gson-2.8.5.jar;C:\Users\user\.m2\repository\org\apache\commons\commons-lang3\3.8.1\commons-lang3-3.8.1.jar;C:\Users\user\.m2\repository\org\apache\httpcomponents\httpclient\4.5.6\httpclient-4.5.6.jar;C:\Users\user\.m2\repository\org\apache\httpcomponents\httpcore\4.4.10\httpcore-4.4.10.jar;C:\Users\user\.m2\repository\commons-logging\commons-logging\1.2\commons-logging-1.2.jar;C:\Users\user\.m2\repository\commons-codec\commons-codec\1.10\commons-codec-1.10.jar;C:\Users\user\.m2\repository\org\rauschig\jarchivelib\1.0.0\jarchivelib-1.0.0.jar;C:\Users\user\.m2\repository\org\apache\commons\commons-compress\1.18\commons-compress-1.18.jar;C:\Users\user\.m2\repository\org\jsoup\jsoup\1.11.3\jsoup-1.11.3.jar;C:\Users\user\.m2\repository\org\apache\logging\log4j\log4j-slf4j-impl\2.11.2\log4j-slf4j-impl-2.11.2.jar;C:\Users\user\.m2\repository\org\apache\logging\log4j\log4j-api\2.11.2\log4j-api-2.11.2.jar;C:\Users\user\.m2\repository\org\apache\logging\log4j\log4j-core\2.11.2\log4j-core-2.11.2.jar;C:\Users\user\.m2\repository\com\relevantcodes\extentreports\2.41.2\extentreports-2.41.2.jar;C:\Users\user\.m2\repository\org\xerial\sqlite-jdbc\3.8.11.1\sqlite-jdbc-3.8.11.1.jar;C:\Users\user\.m2\repository\org\freemarker\freemarker\2.3.23\freemarker-2.3.23.jar;C:\Users\user\.m2\repository\org\mongodb\mongodb-driver\3.0.4\mongodb-driver-3.0.4.jar;C:\Users\user\.m2\repository\org\mongodb\bson\3.0.4\bson-3.0.4.jar;C:\Users\user\.m2\repository\org\mongodb\mongodb-driver-core\3.0.4\mongodb-driver-core-3.0.4.jar;C:\Users\user\.m2\repository\commons-io\commons-io\2.5\commons-io-2.5.jar;"/>
    <property name="java.vm.vendor" value="Oracle Corporation"/>
    <property name="sun.arch.data.model" value="64"/>
    <property name="user.variant" value=""/>
    <property name="java.vendor.url" value="http://java.oracle.com/"/>
    <property name="user.timezone" value="Asia/Calcutta"/>
    <property name="java.vm.specification.version" value="1.8"/>
    <property name="os.name" value="Windows 10"/>
    <property name="user.country" value="US"/>
    <property name="sun.java.launcher" value="SUN_STANDARD"/>
    <property name="sun.boot.library.path" value="C:\Program Files\Java\jdk1.8.0_202\jre\bin"/>
    <property name="sun.java.command" value="C:\Users\user\AppData\Local\Temp\surefire4713017489398899441\surefirebooter1643244556043659609.jar C:\Users\user\AppData\Local\Temp\surefire4713017489398899441 2024-07-09T20-25-52_082-jvmRun1 surefire5281084787720436987tmp surefire_0296553928590306500tmp"/>
    <property name="surefire.test.class.path" value="D:\Workspace\interview\selenium testng\Java-Selenium-TestNG-Framework\target\test-classes;D:\Workspace\interview\selenium testng\Java-Selenium-TestNG-Framework\target\classes;C:\Users\user\.m2\repository\org\seleniumhq\selenium\selenium-java\3.141.59\selenium-java-3.141.59.jar;C:\Users\user\.m2\repository\org\seleniumhq\selenium\selenium-api\3.141.59\selenium-api-3.141.59.jar;C:\Users\user\.m2\repository\org\seleniumhq\selenium\selenium-chrome-driver\3.141.59\selenium-chrome-driver-3.141.59.jar;C:\Users\user\.m2\repository\org\seleniumhq\selenium\selenium-edge-driver\3.141.59\selenium-edge-driver-3.141.59.jar;C:\Users\user\.m2\repository\org\seleniumhq\selenium\selenium-firefox-driver\3.141.59\selenium-firefox-driver-3.141.59.jar;C:\Users\user\.m2\repository\org\seleniumhq\selenium\selenium-ie-driver\3.141.59\selenium-ie-driver-3.141.59.jar;C:\Users\user\.m2\repository\org\seleniumhq\selenium\selenium-opera-driver\3.141.59\selenium-opera-driver-3.141.59.jar;C:\Users\user\.m2\repository\org\seleniumhq\selenium\selenium-remote-driver\3.141.59\selenium-remote-driver-3.141.59.jar;C:\Users\user\.m2\repository\org\seleniumhq\selenium\selenium-safari-driver\3.141.59\selenium-safari-driver-3.141.59.jar;C:\Users\user\.m2\repository\org\seleniumhq\selenium\selenium-support\3.141.59\selenium-support-3.141.59.jar;C:\Users\user\.m2\repository\net\bytebuddy\byte-buddy\1.8.15\byte-buddy-1.8.15.jar;C:\Users\user\.m2\repository\org\apache\commons\commons-exec\1.3\commons-exec-1.3.jar;C:\Users\user\.m2\repository\com\google\guava\guava\25.0-jre\guava-25.0-jre.jar;C:\Users\user\.m2\repository\com\google\code\findbugs\jsr305\1.3.9\jsr305-1.3.9.jar;C:\Users\user\.m2\repository\org\checkerframework\checker-compat-qual\2.0.0\checker-compat-qual-2.0.0.jar;C:\Users\user\.m2\repository\com\google\errorprone\error_prone_annotations\2.1.3\error_prone_annotations-2.1.3.jar;C:\Users\user\.m2\repository\com\google\j2objc\j2objc-annotations\1.1\j2objc-annotations-1.1.jar;C:\Users\user\.m2\repository\org\codehaus\mojo\animal-sniffer-annotations\1.14\animal-sniffer-annotations-1.14.jar;C:\Users\user\.m2\repository\com\squareup\okhttp3\okhttp\3.11.0\okhttp-3.11.0.jar;C:\Users\user\.m2\repository\com\squareup\okio\okio\1.14.0\okio-1.14.0.jar;C:\Users\user\.m2\repository\org\testng\testng\7.1.0\testng-7.1.0.jar;C:\Users\user\.m2\repository\com\beust\jcommander\1.72\jcommander-1.72.jar;C:\Users\user\.m2\repository\com\google\inject\guice\4.1.0\guice-4.1.0-no_aop.jar;C:\Users\user\.m2\repository\javax\inject\javax.inject\1\javax.inject-1.jar;C:\Users\user\.m2\repository\aopalliance\aopalliance\1.0\aopalliance-1.0.jar;C:\Users\user\.m2\repository\org\yaml\snakeyaml\1.21\snakeyaml-1.21.jar;C:\Users\user\.m2\repository\io\github\bonigarcia\webdrivermanager\3.8.1\webdrivermanager-3.8.1.jar;C:\Users\user\.m2\repository\org\slf4j\slf4j-api\1.7.25\slf4j-api-1.7.25.jar;C:\Users\user\.m2\repository\com\google\code\gson\gson\2.8.5\gson-2.8.5.jar;C:\Users\user\.m2\repository\org\apache\commons\commons-lang3\3.8.1\commons-lang3-3.8.1.jar;C:\Users\user\.m2\repository\org\apache\httpcomponents\httpclient\4.5.6\httpclient-4.5.6.jar;C:\Users\user\.m2\repository\org\apache\httpcomponents\httpcore\4.4.10\httpcore-4.4.10.jar;C:\Users\user\.m2\repository\commons-logging\commons-logging\1.2\commons-logging-1.2.jar;C:\Users\user\.m2\repository\commons-codec\commons-codec\1.10\commons-codec-1.10.jar;C:\Users\user\.m2\repository\org\rauschig\jarchivelib\1.0.0\jarchivelib-1.0.0.jar;C:\Users\user\.m2\repository\org\apache\commons\commons-compress\1.18\commons-compress-1.18.jar;C:\Users\user\.m2\repository\org\jsoup\jsoup\1.11.3\jsoup-1.11.3.jar;C:\Users\user\.m2\repository\org\apache\logging\log4j\log4j-slf4j-impl\2.11.2\log4j-slf4j-impl-2.11.2.jar;C:\Users\user\.m2\repository\org\apache\logging\log4j\log4j-api\2.11.2\log4j-api-2.11.2.jar;C:\Users\user\.m2\repository\org\apache\logging\log4j\log4j-core\2.11.2\log4j-core-2.11.2.jar;C:\Users\user\.m2\repository\com\relevantcodes\extentreports\2.41.2\extentreports-2.41.2.jar;C:\Users\user\.m2\repository\org\xerial\sqlite-jdbc\3.8.11.1\sqlite-jdbc-3.8.11.1.jar;C:\Users\user\.m2\repository\org\freemarker\freemarker\2.3.23\freemarker-2.3.23.jar;C:\Users\user\.m2\repository\org\mongodb\mongodb-driver\3.0.4\mongodb-driver-3.0.4.jar;C:\Users\user\.m2\repository\org\mongodb\bson\3.0.4\bson-3.0.4.jar;C:\Users\user\.m2\repository\org\mongodb\mongodb-driver-core\3.0.4\mongodb-driver-core-3.0.4.jar;C:\Users\user\.m2\repository\commons-io\commons-io\2.5\commons-io-2.5.jar;"/>
    <property name="sun.cpu.endian" value="little"/>
    <property name="user.home" value="C:\Users\user"/>
    <property name="user.language" value="en"/>
    <property name="java.specification.vendor" value="Oracle Corporation"/>
    <property name="java.home" value="C:\Program Files\Java\jdk1.8.0_202\jre"/>
    <property name="basedir" value="D:\Workspace\interview\selenium testng\Java-Selenium-TestNG-Framework"/>
    <property name="file.separator" value="\"/>
    <property name="line.separator" value="&#10;"/>
    <property name="java.vm.specification.vendor" value="Oracle Corporation"/>
    <property name="java.specification.name" value="Java Platform API Specification"/>
    <property name="java.awt.graphicsenv" value="sun.awt.Win32GraphicsEnvironment"/>
    <property name="surefire.real.class.path" value="C:\Users\user\AppData\Local\Temp\surefire4713017489398899441\surefirebooter1643244556043659609.jar"/>
    <property name="sun.boot.class.path" value="C:\Program Files\Java\jdk1.8.0_202\jre\lib\resources.jar;C:\Program Files\Java\jdk1.8.0_202\jre\lib\rt.jar;C:\Program Files\Java\jdk1.8.0_202\jre\lib\sunrsasign.jar;C:\Program Files\Java\jdk1.8.0_202\jre\lib\jsse.jar;C:\Program Files\Java\jdk1.8.0_202\jre\lib\jce.jar;C:\Program Files\Java\jdk1.8.0_202\jre\lib\charsets.jar;C:\Program Files\Java\jdk1.8.0_202\jre\lib\jfr.jar;C:\Program Files\Java\jdk1.8.0_202\jre\classes"/>
    <property name="user.script" value=""/>
    <property name="sun.management.compiler" value="HotSpot 64-Bit Tiered Compilers"/>
    <property name="java.runtime.version" value="1.8.0_202-b08"/>
    <property name="user.name" value="user"/>
    <property name="path.separator" value=";"/>
    <property name="os.version" value="10.0"/>
    <property name="java.endorsed.dirs" value="C:\Program Files\Java\jdk1.8.0_202\jre\lib\endorsed"/>
    <property name="java.runtime.name" value="Java(TM) SE Runtime Environment"/>
    <property name="file.encoding" value="Cp1252"/>
    <property name="java.vm.name" value="Java HotSpot(TM) 64-Bit Server VM"/>
    <property name="localRepository" value="C:\Users\user\.m2\repository"/>
    <property name="java.vendor.url.bug" value="http://bugreport.sun.com/bugreport/"/>
    <property name="java.io.tmpdir" value="C:\Users\user\AppData\Local\Temp\"/>
    <property name="java.version" value="1.8.0_202"/>
    <property name="user.dir" value="D:\Workspace\interview\selenium testng\Java-Selenium-TestNG-Framework"/>
    <property name="os.arch" value="amd64"/>
    <property name="java.vm.specification.name" value="Java Virtual Machine Specification"/>
    <property name="java.awt.printerjob" value="sun.awt.windows.WPrinterJob"/>
    <property name="sun.os.patch.level" value=""/>
    <property name="java.library.path" value="C:\Program Files\Java\jdk1.8.0_202\jre\bin;C:\Windows\Sun\Java\bin;C:\Windows\system32;C:\Windows;C:/Program Files/Java/jdk1.8.0_202/bin/../jre/bin/server;C:/Program Files/Java/jdk1.8.0_202/bin/../jre/bin;C:/Program Files/Java/jdk1.8.0_202/bin/../jre/lib/amd64;C:\Program Files\Java\jdk1.8.0_202\bin;C:\Python310\Scripts\;C:\Python310\;C:\Windows\system32;C:\Windows;C:\Windows\System32\Wbem;C:\Windows\System32\WindowsPowerShell\v1.0\;C:\Windows\System32\OpenSSH\;C:\ProgramData\chocolatey\bin;C:\Program Files\Git\cmd;C:\Program Files\Microsoft VS Code\bin;C:\Program Files\nodejs\;C:\Program Files\Microsoft SQL Server\150\Tools\Binn\;C:\Program Files\dotnet\;C:\Program Files\Microsoft SQL Server\Client SDK\ODBC\170\Tools\Binn\;C:\Users\user\AppData\Local\Microsoft\WindowsApps;C:\Users\user\AppData\Roaming\npm;C:\Users\user\.dotnet\tools;C:\Program Files\JetBrains\PyCharm 2024.1.1\bin;;D:\backup\Softwares\Eclipse;;."/>
    <property name="java.vm.info" value="mixed mode"/>
    <property name="java.vendor" value="Oracle Corporation"/>
    <property name="java.vm.version" value="25.202-b08"/>
    <property name="java.ext.dirs" value="C:\Program Files\Java\jdk1.8.0_202\jre\lib\ext;C:\Windows\Sun\Java\lib\ext"/>
    <property name="sun.io.unicode.encoding" value="UnicodeLittle"/>
    <property name="java.class.version" value="52.0"/>
  </properties>
  <testcase name="setup" classname="tests.HomePageTest" time="10.069">
    <failure message="session not created: This version of ChromeDriver only supports Chrome version 114&#10;Current browser version is 126.0.6478.127 with binary path C:\Program Files (x86)\Google\Chrome\Application\chrome.exe&#10;Build info: version: &apos;3.141.59&apos;, revision: &apos;e82be7d358&apos;, time: &apos;2018-11-14T08:17:03&apos;&#10;System info: host: &apos;DESKTOP-994P8DU&apos;, ip: &apos;192.168.1.6&apos;, os.name: &apos;Windows 10&apos;, os.arch: &apos;amd64&apos;, os.version: &apos;10.0&apos;, java.version: &apos;1.8.0_202&apos;&#10;Driver info: driver.version: ChromeDriver&#10;remote stacktrace: Backtrace:&#10;	GetHandleVerifier [0x003EA813+48355]&#10;	(No symbol) [0x0037C4B1]&#10;	(No symbol) [0x00285358]&#10;	(No symbol) [0x002A61AC]&#10;	(No symbol) [0x002A1EF3]&#10;	(No symbol) [0x002A0579]&#10;	(No symbol) [0x002D0C55]&#10;	(No symbol) [0x002D093C]&#10;	(No symbol) [0x002CA536]&#10;	(No symbol) [0x002A82DC]&#10;	(No symbol) [0x002A93DD]&#10;	GetHandleVerifier [0x0064AABD+2539405]&#10;	GetHandleVerifier [0x0068A78F+2800735]&#10;	GetHandleVerifier [0x0068456C+2775612]&#10;	GetHandleVerifier [0x004751E0+616112]&#10;	(No symbol) [0x00385F8C]&#10;	(No symbol) [0x00382328]&#10;	(No symbol) [0x0038240B]&#10;	(No symbol) [0x00374FF7]&#10;	BaseThreadInitThunk [0x7640FCC9+25]&#10;	RtlGetAppContainerNamedObjectPath [0x773080CE+286]&#10;	RtlGetAppContainerNamedObjectPath [0x7730809E+238]&#10;" type="org.openqa.selenium.SessionNotCreatedException">org.openqa.selenium.SessionNotCreatedException: 
session not created: This version of ChromeDriver only supports Chrome version 114
Current browser version is 126.0.6478.127 with binary path C:\Program Files (x86)\Google\Chrome\Application\chrome.exe
Build info: version: '3.141.59', revision: 'e82be7d358', time: '2018-11-14T08:17:03'
System info: host: 'DESKTOP-994P8DU', ip: '192.168.1.6', os.name: 'Windows 10', os.arch: 'amd64', os.version: '10.0', java.version: '1.8.0_202'
Driver info: driver.version: ChromeDriver
remote stacktrace: Backtrace:
	GetHandleVerifier [0x003EA813+48355]
	(No symbol) [0x0037C4B1]
	(No symbol) [0x00285358]
	(No symbol) [0x002A61AC]
	(No symbol) [0x002A1EF3]
	(No symbol) [0x002A0579]
	(No symbol) [0x002D0C55]
	(No symbol) [0x002D093C]
	(No symbol) [0x002CA536]
	(No symbol) [0x002A82DC]
	(No symbol) [0x002A93DD]
	GetHandleVerifier [0x0064AABD+2539405]
	GetHandleVerifier [0x0068A78F+2800735]
	GetHandleVerifier [0x0068456C+2775612]
	GetHandleVerifier [0x004751E0+616112]
	(No symbol) [0x00385F8C]
	(No symbol) [0x00382328]
	(No symbol) [0x0038240B]
	(No symbol) [0x00374FF7]
	BaseThreadInitThunk [0x7640FCC9+25]
	RtlGetAppContainerNamedObjectPath [0x773080CE+286]
	RtlGetAppContainerNamedObjectPath [0x7730809E+238]

</failure>
    <system-err><![CDATA[ERROR StatusLogger No Log4j 2 configuration file found. Using default configuration (logging only errors to the console), or user programmatically provided configurations. Set system property 'log4j2.debug' to show Log4j 2 internal initialization logging. See https://logging.apache.org/log4j/2.x/manual/configuration.html for instructions on how to configure Log4j 2
ChromeDriver was started successfully.
]]></system-err>
  </testcase>
  <testcase name="verifyTitle" classname="tests.HomePageTest" time="0">
    <skipped message="session not created: This version of ChromeDriver only supports Chrome version 114&#10;Current browser version is 126.0.6478.127 with binary path C:\Program Files (x86)\Google\Chrome\Application\chrome.exe&#10;Build info: version: &apos;3.141.59&apos;, revision: &apos;e82be7d358&apos;, time: &apos;2018-11-14T08:17:03&apos;&#10;System info: host: &apos;DESKTOP-994P8DU&apos;, ip: &apos;192.168.1.6&apos;, os.name: &apos;Windows 10&apos;, os.arch: &apos;amd64&apos;, os.version: &apos;10.0&apos;, java.version: &apos;1.8.0_202&apos;&#10;Driver info: driver.version: ChromeDriver&#10;remote stacktrace: Backtrace:&#10;	GetHandleVerifier [0x003EA813+48355]&#10;	(No symbol) [0x0037C4B1]&#10;	(No symbol) [0x00285358]&#10;	(No symbol) [0x002A61AC]&#10;	(No symbol) [0x002A1EF3]&#10;	(No symbol) [0x002A0579]&#10;	(No symbol) [0x002D0C55]&#10;	(No symbol) [0x002D093C]&#10;	(No symbol) [0x002CA536]&#10;	(No symbol) [0x002A82DC]&#10;	(No symbol) [0x002A93DD]&#10;	GetHandleVerifier [0x0064AABD+2539405]&#10;	GetHandleVerifier [0x0068A78F+2800735]&#10;	GetHandleVerifier [0x0068456C+2775612]&#10;	GetHandleVerifier [0x004751E0+616112]&#10;	(No symbol) [0x00385F8C]&#10;	(No symbol) [0x00382328]&#10;	(No symbol) [0x0038240B]&#10;	(No symbol) [0x00374FF7]&#10;	BaseThreadInitThunk [0x7640FCC9+25]&#10;	RtlGetAppContainerNamedObjectPath [0x773080CE+286]&#10;	RtlGetAppContainerNamedObjectPath [0x7730809E+238]&#10;"/>
  </testcase>
  <testcase name="verifyLogo" classname="tests.HomePageTest" time="0">
    <skipped message="session not created: This version of ChromeDriver only supports Chrome version 114&#10;Current browser version is 126.0.6478.127 with binary path C:\Program Files (x86)\Google\Chrome\Application\chrome.exe&#10;Build info: version: &apos;3.141.59&apos;, revision: &apos;e82be7d358&apos;, time: &apos;2018-11-14T08:17:03&apos;&#10;System info: host: &apos;DESKTOP-994P8DU&apos;, ip: &apos;192.168.1.6&apos;, os.name: &apos;Windows 10&apos;, os.arch: &apos;amd64&apos;, os.version: &apos;10.0&apos;, java.version: &apos;1.8.0_202&apos;&#10;Driver info: driver.version: ChromeDriver&#10;remote stacktrace: Backtrace:&#10;	GetHandleVerifier [0x003EA813+48355]&#10;	(No symbol) [0x0037C4B1]&#10;	(No symbol) [0x00285358]&#10;	(No symbol) [0x002A61AC]&#10;	(No symbol) [0x002A1EF3]&#10;	(No symbol) [0x002A0579]&#10;	(No symbol) [0x002D0C55]&#10;	(No symbol) [0x002D093C]&#10;	(No symbol) [0x002CA536]&#10;	(No symbol) [0x002A82DC]&#10;	(No symbol) [0x002A93DD]&#10;	GetHandleVerifier [0x0064AABD+2539405]&#10;	GetHandleVerifier [0x0068A78F+2800735]&#10;	GetHandleVerifier [0x0068456C+2775612]&#10;	GetHandleVerifier [0x004751E0+616112]&#10;	(No symbol) [0x00385F8C]&#10;	(No symbol) [0x00382328]&#10;	(No symbol) [0x0038240B]&#10;	(No symbol) [0x00374FF7]&#10;	BaseThreadInitThunk [0x7640FCC9+25]&#10;	RtlGetAppContainerNamedObjectPath [0x773080CE+286]&#10;	RtlGetAppContainerNamedObjectPath [0x7730809E+238]&#10;"/>
  </testcase>
  <testcase name="verifyHeadsetsDropdown" classname="tests.HomePageTest" time="0">
    <skipped message="session not created: This version of ChromeDriver only supports Chrome version 114&#10;Current browser version is 126.0.6478.127 with binary path C:\Program Files (x86)\Google\Chrome\Application\chrome.exe&#10;Build info: version: &apos;3.141.59&apos;, revision: &apos;e82be7d358&apos;, time: &apos;2018-11-14T08:17:03&apos;&#10;System info: host: &apos;DESKTOP-994P8DU&apos;, ip: &apos;192.168.1.6&apos;, os.name: &apos;Windows 10&apos;, os.arch: &apos;amd64&apos;, os.version: &apos;10.0&apos;, java.version: &apos;1.8.0_202&apos;&#10;Driver info: driver.version: ChromeDriver&#10;remote stacktrace: Backtrace:&#10;	GetHandleVerifier [0x003EA813+48355]&#10;	(No symbol) [0x0037C4B1]&#10;	(No symbol) [0x00285358]&#10;	(No symbol) [0x002A61AC]&#10;	(No symbol) [0x002A1EF3]&#10;	(No symbol) [0x002A0579]&#10;	(No symbol) [0x002D0C55]&#10;	(No symbol) [0x002D093C]&#10;	(No symbol) [0x002CA536]&#10;	(No symbol) [0x002A82DC]&#10;	(No symbol) [0x002A93DD]&#10;	GetHandleVerifier [0x0064AABD+2539405]&#10;	GetHandleVerifier [0x0068A78F+2800735]&#10;	GetHandleVerifier [0x0068456C+2775612]&#10;	GetHandleVerifier [0x004751E0+616112]&#10;	(No symbol) [0x00385F8C]&#10;	(No symbol) [0x00382328]&#10;	(No symbol) [0x0038240B]&#10;	(No symbol) [0x00374FF7]&#10;	BaseThreadInitThunk [0x7640FCC9+25]&#10;	RtlGetAppContainerNamedObjectPath [0x773080CE+286]&#10;	RtlGetAppContainerNamedObjectPath [0x7730809E+238]&#10;"/>
  </testcase>
  <testcase name="tearDown" classname="tests.HomePageTest" time="0.002">
    <failure type="java.lang.NullPointerException">java.lang.NullPointerException
</failure>
  </testcase>
  <testcase name="setup" classname="tests.LoginPageTest" time="3.436">
    <failure message="session not created: This version of ChromeDriver only supports Chrome version 114&#10;Current browser version is 126.0.6478.127 with binary path C:\Program Files (x86)\Google\Chrome\Application\chrome.exe&#10;Build info: version: &apos;3.141.59&apos;, revision: &apos;e82be7d358&apos;, time: &apos;2018-11-14T08:17:03&apos;&#10;System info: host: &apos;DESKTOP-994P8DU&apos;, ip: &apos;192.168.1.6&apos;, os.name: &apos;Windows 10&apos;, os.arch: &apos;amd64&apos;, os.version: &apos;10.0&apos;, java.version: &apos;1.8.0_202&apos;&#10;Driver info: driver.version: ChromeDriver&#10;remote stacktrace: Backtrace:&#10;	GetHandleVerifier [0x003EA813+48355]&#10;	(No symbol) [0x0037C4B1]&#10;	(No symbol) [0x00285358]&#10;	(No symbol) [0x002A61AC]&#10;	(No symbol) [0x002A1EF3]&#10;	(No symbol) [0x002A0579]&#10;	(No symbol) [0x002D0C55]&#10;	(No symbol) [0x002D093C]&#10;	(No symbol) [0x002CA536]&#10;	(No symbol) [0x002A82DC]&#10;	(No symbol) [0x002A93DD]&#10;	GetHandleVerifier [0x0064AABD+2539405]&#10;	GetHandleVerifier [0x0068A78F+2800735]&#10;	GetHandleVerifier [0x0068456C+2775612]&#10;	GetHandleVerifier [0x004751E0+616112]&#10;	(No symbol) [0x00385F8C]&#10;	(No symbol) [0x00382328]&#10;	(No symbol) [0x0038240B]&#10;	(No symbol) [0x00374FF7]&#10;	BaseThreadInitThunk [0x7640FCC9+25]&#10;	RtlGetAppContainerNamedObjectPath [0x773080CE+286]&#10;	RtlGetAppContainerNamedObjectPath [0x7730809E+238]&#10;" type="org.openqa.selenium.SessionNotCreatedException">org.openqa.selenium.SessionNotCreatedException: 
session not created: This version of ChromeDriver only supports Chrome version 114
Current browser version is 126.0.6478.127 with binary path C:\Program Files (x86)\Google\Chrome\Application\chrome.exe
Build info: version: '3.141.59', revision: 'e82be7d358', time: '2018-11-14T08:17:03'
System info: host: 'DESKTOP-994P8DU', ip: '192.168.1.6', os.name: 'Windows 10', os.arch: 'amd64', os.version: '10.0', java.version: '1.8.0_202'
Driver info: driver.version: ChromeDriver
remote stacktrace: Backtrace:
	GetHandleVerifier [0x003EA813+48355]
	(No symbol) [0x0037C4B1]
	(No symbol) [0x00285358]
	(No symbol) [0x002A61AC]
	(No symbol) [0x002A1EF3]
	(No symbol) [0x002A0579]
	(No symbol) [0x002D0C55]
	(No symbol) [0x002D093C]
	(No symbol) [0x002CA536]
	(No symbol) [0x002A82DC]
	(No symbol) [0x002A93DD]
	GetHandleVerifier [0x0064AABD+2539405]
	GetHandleVerifier [0x0068A78F+2800735]
	GetHandleVerifier [0x0068456C+2775612]
	GetHandleVerifier [0x004751E0+616112]
	(No symbol) [0x00385F8C]
	(No symbol) [0x00382328]
	(No symbol) [0x0038240B]
	(No symbol) [0x00374FF7]
	BaseThreadInitThunk [0x7640FCC9+25]
	RtlGetAppContainerNamedObjectPath [0x773080CE+286]
	RtlGetAppContainerNamedObjectPath [0x7730809E+238]

</failure>
    <system-err><![CDATA[ChromeDriver was started successfully.
]]></system-err>
  </testcase>
  <testcase name="navigateToLoginPage" classname="tests.LoginPageTest" time="0">
    <skipped message="session not created: This version of ChromeDriver only supports Chrome version 114&#10;Current browser version is 126.0.6478.127 with binary path C:\Program Files (x86)\Google\Chrome\Application\chrome.exe&#10;Build info: version: &apos;3.141.59&apos;, revision: &apos;e82be7d358&apos;, time: &apos;2018-11-14T08:17:03&apos;&#10;System info: host: &apos;DESKTOP-994P8DU&apos;, ip: &apos;192.168.1.6&apos;, os.name: &apos;Windows 10&apos;, os.arch: &apos;amd64&apos;, os.version: &apos;10.0&apos;, java.version: &apos;1.8.0_202&apos;&#10;Driver info: driver.version: ChromeDriver&#10;remote stacktrace: Backtrace:&#10;	GetHandleVerifier [0x003EA813+48355]&#10;	(No symbol) [0x0037C4B1]&#10;	(No symbol) [0x00285358]&#10;	(No symbol) [0x002A61AC]&#10;	(No symbol) [0x002A1EF3]&#10;	(No symbol) [0x002A0579]&#10;	(No symbol) [0x002D0C55]&#10;	(No symbol) [0x002D093C]&#10;	(No symbol) [0x002CA536]&#10;	(No symbol) [0x002A82DC]&#10;	(No symbol) [0x002A93DD]&#10;	GetHandleVerifier [0x0064AABD+2539405]&#10;	GetHandleVerifier [0x0068A78F+2800735]&#10;	GetHandleVerifier [0x0068456C+2775612]&#10;	GetHandleVerifier [0x004751E0+616112]&#10;	(No symbol) [0x00385F8C]&#10;	(No symbol) [0x00382328]&#10;	(No symbol) [0x0038240B]&#10;	(No symbol) [0x00374FF7]&#10;	BaseThreadInitThunk [0x7640FCC9+25]&#10;	RtlGetAppContainerNamedObjectPath [0x773080CE+286]&#10;	RtlGetAppContainerNamedObjectPath [0x7730809E+238]&#10;"/>
  </testcase>
  <testcase name="verifyInvalidLoginCredentials" classname="tests.LoginPageTest" time="0">
    <skipped message="session not created: This version of ChromeDriver only supports Chrome version 114&#10;Current browser version is 126.0.6478.127 with binary path C:\Program Files (x86)\Google\Chrome\Application\chrome.exe&#10;Build info: version: &apos;3.141.59&apos;, revision: &apos;e82be7d358&apos;, time: &apos;2018-11-14T08:17:03&apos;&#10;System info: host: &apos;DESKTOP-994P8DU&apos;, ip: &apos;192.168.1.6&apos;, os.name: &apos;Windows 10&apos;, os.arch: &apos;amd64&apos;, os.version: &apos;10.0&apos;, java.version: &apos;1.8.0_202&apos;&#10;Driver info: driver.version: ChromeDriver&#10;remote stacktrace: Backtrace:&#10;	GetHandleVerifier [0x003EA813+48355]&#10;	(No symbol) [0x0037C4B1]&#10;	(No symbol) [0x00285358]&#10;	(No symbol) [0x002A61AC]&#10;	(No symbol) [0x002A1EF3]&#10;	(No symbol) [0x002A0579]&#10;	(No symbol) [0x002D0C55]&#10;	(No symbol) [0x002D093C]&#10;	(No symbol) [0x002CA536]&#10;	(No symbol) [0x002A82DC]&#10;	(No symbol) [0x002A93DD]&#10;	GetHandleVerifier [0x0064AABD+2539405]&#10;	GetHandleVerifier [0x0068A78F+2800735]&#10;	GetHandleVerifier [0x0068456C+2775612]&#10;	GetHandleVerifier [0x004751E0+616112]&#10;	(No symbol) [0x00385F8C]&#10;	(No symbol) [0x00382328]&#10;	(No symbol) [0x0038240B]&#10;	(No symbol) [0x00374FF7]&#10;	BaseThreadInitThunk [0x7640FCC9+25]&#10;	RtlGetAppContainerNamedObjectPath [0x773080CE+286]&#10;	RtlGetAppContainerNamedObjectPath [0x7730809E+238]&#10;"/>
  </testcase>
  <testcase name="verifyInvalidLoginCredentials" classname="tests.LoginPageTest" time="0">
    <skipped message="session not created: This version of ChromeDriver only supports Chrome version 114&#10;Current browser version is 126.0.6478.127 with binary path C:\Program Files (x86)\Google\Chrome\Application\chrome.exe&#10;Build info: version: &apos;3.141.59&apos;, revision: &apos;e82be7d358&apos;, time: &apos;2018-11-14T08:17:03&apos;&#10;System info: host: &apos;DESKTOP-994P8DU&apos;, ip: &apos;192.168.1.6&apos;, os.name: &apos;Windows 10&apos;, os.arch: &apos;amd64&apos;, os.version: &apos;10.0&apos;, java.version: &apos;1.8.0_202&apos;&#10;Driver info: driver.version: ChromeDriver&#10;remote stacktrace: Backtrace:&#10;	GetHandleVerifier [0x003EA813+48355]&#10;	(No symbol) [0x0037C4B1]&#10;	(No symbol) [0x00285358]&#10;	(No symbol) [0x002A61AC]&#10;	(No symbol) [0x002A1EF3]&#10;	(No symbol) [0x002A0579]&#10;	(No symbol) [0x002D0C55]&#10;	(No symbol) [0x002D093C]&#10;	(No symbol) [0x002CA536]&#10;	(No symbol) [0x002A82DC]&#10;	(No symbol) [0x002A93DD]&#10;	GetHandleVerifier [0x0064AABD+2539405]&#10;	GetHandleVerifier [0x0068A78F+2800735]&#10;	GetHandleVerifier [0x0068456C+2775612]&#10;	GetHandleVerifier [0x004751E0+616112]&#10;	(No symbol) [0x00385F8C]&#10;	(No symbol) [0x00382328]&#10;	(No symbol) [0x0038240B]&#10;	(No symbol) [0x00374FF7]&#10;	BaseThreadInitThunk [0x7640FCC9+25]&#10;	RtlGetAppContainerNamedObjectPath [0x773080CE+286]&#10;	RtlGetAppContainerNamedObjectPath [0x7730809E+238]&#10;"/>
  </testcase>
  <testcase name="verifyLogin" classname="tests.LoginPageTest" time="0">
    <skipped message="session not created: This version of ChromeDriver only supports Chrome version 114&#10;Current browser version is 126.0.6478.127 with binary path C:\Program Files (x86)\Google\Chrome\Application\chrome.exe&#10;Build info: version: &apos;3.141.59&apos;, revision: &apos;e82be7d358&apos;, time: &apos;2018-11-14T08:17:03&apos;&#10;System info: host: &apos;DESKTOP-994P8DU&apos;, ip: &apos;192.168.1.6&apos;, os.name: &apos;Windows 10&apos;, os.arch: &apos;amd64&apos;, os.version: &apos;10.0&apos;, java.version: &apos;1.8.0_202&apos;&#10;Driver info: driver.version: ChromeDriver&#10;remote stacktrace: Backtrace:&#10;	GetHandleVerifier [0x003EA813+48355]&#10;	(No symbol) [0x0037C4B1]&#10;	(No symbol) [0x00285358]&#10;	(No symbol) [0x002A61AC]&#10;	(No symbol) [0x002A1EF3]&#10;	(No symbol) [0x002A0579]&#10;	(No symbol) [0x002D0C55]&#10;	(No symbol) [0x002D093C]&#10;	(No symbol) [0x002CA536]&#10;	(No symbol) [0x002A82DC]&#10;	(No symbol) [0x002A93DD]&#10;	GetHandleVerifier [0x0064AABD+2539405]&#10;	GetHandleVerifier [0x0068A78F+2800735]&#10;	GetHandleVerifier [0x0068456C+2775612]&#10;	GetHandleVerifier [0x004751E0+616112]&#10;	(No symbol) [0x00385F8C]&#10;	(No symbol) [0x00382328]&#10;	(No symbol) [0x0038240B]&#10;	(No symbol) [0x00374FF7]&#10;	BaseThreadInitThunk [0x7640FCC9+25]&#10;	RtlGetAppContainerNamedObjectPath [0x773080CE+286]&#10;	RtlGetAppContainerNamedObjectPath [0x7730809E+238]&#10;"/>
  </testcase>
  <testcase name="tearDown" classname="tests.LoginPageTest" time="0.001">
    <failure type="java.lang.NullPointerException">java.lang.NullPointerException
</failure>
  </testcase>
  <testcase name="setup" classname="tests.ForumsPageTest" time="1.969">
    <failure message="session not created: This version of ChromeDriver only supports Chrome version 114&#10;Current browser version is 126.0.6478.127 with binary path C:\Program Files (x86)\Google\Chrome\Application\chrome.exe&#10;Build info: version: &apos;3.141.59&apos;, revision: &apos;e82be7d358&apos;, time: &apos;2018-11-14T08:17:03&apos;&#10;System info: host: &apos;DESKTOP-994P8DU&apos;, ip: &apos;192.168.1.6&apos;, os.name: &apos;Windows 10&apos;, os.arch: &apos;amd64&apos;, os.version: &apos;10.0&apos;, java.version: &apos;1.8.0_202&apos;&#10;Driver info: driver.version: ChromeDriver&#10;remote stacktrace: Backtrace:&#10;	GetHandleVerifier [0x003EA813+48355]&#10;	(No symbol) [0x0037C4B1]&#10;	(No symbol) [0x00285358]&#10;	(No symbol) [0x002A61AC]&#10;	(No symbol) [0x002A1EF3]&#10;	(No symbol) [0x002A0579]&#10;	(No symbol) [0x002D0C55]&#10;	(No symbol) [0x002D093C]&#10;	(No symbol) [0x002CA536]&#10;	(No symbol) [0x002A82DC]&#10;	(No symbol) [0x002A93DD]&#10;	GetHandleVerifier [0x0064AABD+2539405]&#10;	GetHandleVerifier [0x0068A78F+2800735]&#10;	GetHandleVerifier [0x0068456C+2775612]&#10;	GetHandleVerifier [0x004751E0+616112]&#10;	(No symbol) [0x00385F8C]&#10;	(No symbol) [0x00382328]&#10;	(No symbol) [0x0038240B]&#10;	(No symbol) [0x00374FF7]&#10;	BaseThreadInitThunk [0x7640FCC9+25]&#10;	RtlGetAppContainerNamedObjectPath [0x773080CE+286]&#10;	RtlGetAppContainerNamedObjectPath [0x7730809E+238]&#10;" type="org.openqa.selenium.SessionNotCreatedException">org.openqa.selenium.SessionNotCreatedException: 
session not created: This version of ChromeDriver only supports Chrome version 114
Current browser version is 126.0.6478.127 with binary path C:\Program Files (x86)\Google\Chrome\Application\chrome.exe
Build info: version: '3.141.59', revision: 'e82be7d358', time: '2018-11-14T08:17:03'
System info: host: 'DESKTOP-994P8DU', ip: '192.168.1.6', os.name: 'Windows 10', os.arch: 'amd64', os.version: '10.0', java.version: '1.8.0_202'
Driver info: driver.version: ChromeDriver
remote stacktrace: Backtrace:
	GetHandleVerifier [0x003EA813+48355]
	(No symbol) [0x0037C4B1]
	(No symbol) [0x00285358]
	(No symbol) [0x002A61AC]
	(No symbol) [0x002A1EF3]
	(No symbol) [0x002A0579]
	(No symbol) [0x002D0C55]
	(No symbol) [0x002D093C]
	(No symbol) [0x002CA536]
	(No symbol) [0x002A82DC]
	(No symbol) [0x002A93DD]
	GetHandleVerifier [0x0064AABD+2539405]
	GetHandleVerifier [0x0068A78F+2800735]
	GetHandleVerifier [0x0068456C+2775612]
	GetHandleVerifier [0x004751E0+616112]
	(No symbol) [0x00385F8C]
	(No symbol) [0x00382328]
	(No symbol) [0x0038240B]
	(No symbol) [0x00374FF7]
	BaseThreadInitThunk [0x7640FCC9+25]
	RtlGetAppContainerNamedObjectPath [0x773080CE+286]
	RtlGetAppContainerNamedObjectPath [0x7730809E+238]

</failure>
    <system-err><![CDATA[ChromeDriver was started successfully.
]]></system-err>
  </testcase>
  <testcase name="navigateToForumsPage" classname="tests.ForumsPageTest" time="0">
    <skipped message="session not created: This version of ChromeDriver only supports Chrome version 114&#10;Current browser version is 126.0.6478.127 with binary path C:\Program Files (x86)\Google\Chrome\Application\chrome.exe&#10;Build info: version: &apos;3.141.59&apos;, revision: &apos;e82be7d358&apos;, time: &apos;2018-11-14T08:17:03&apos;&#10;System info: host: &apos;DESKTOP-994P8DU&apos;, ip: &apos;192.168.1.6&apos;, os.name: &apos;Windows 10&apos;, os.arch: &apos;amd64&apos;, os.version: &apos;10.0&apos;, java.version: &apos;1.8.0_202&apos;&#10;Driver info: driver.version: ChromeDriver&#10;remote stacktrace: Backtrace:&#10;	GetHandleVerifier [0x003EA813+48355]&#10;	(No symbol) [0x0037C4B1]&#10;	(No symbol) [0x00285358]&#10;	(No symbol) [0x002A61AC]&#10;	(No symbol) [0x002A1EF3]&#10;	(No symbol) [0x002A0579]&#10;	(No symbol) [0x002D0C55]&#10;	(No symbol) [0x002D093C]&#10;	(No symbol) [0x002CA536]&#10;	(No symbol) [0x002A82DC]&#10;	(No symbol) [0x002A93DD]&#10;	GetHandleVerifier [0x0064AABD+2539405]&#10;	GetHandleVerifier [0x0068A78F+2800735]&#10;	GetHandleVerifier [0x0068456C+2775612]&#10;	GetHandleVerifier [0x004751E0+616112]&#10;	(No symbol) [0x00385F8C]&#10;	(No symbol) [0x00382328]&#10;	(No symbol) [0x0038240B]&#10;	(No symbol) [0x00374FF7]&#10;	BaseThreadInitThunk [0x7640FCC9+25]&#10;	RtlGetAppContainerNamedObjectPath [0x773080CE+286]&#10;	RtlGetAppContainerNamedObjectPath [0x7730809E+238]&#10;"/>
  </testcase>
  <testcase name="verifyForumsHeaderPresent" classname="tests.ForumsPageTest" time="0">
    <skipped message="Method ForumsPageTest.verifyForumsHeaderPresent()[pri:1, instance:tests.ForumsPageTest@3327bd23] depends on not successfully finished methods"/>
  </testcase>
  <testcase name="clickNextPage" classname="tests.ForumsPageTest" time="0">
    <skipped message="session not created: This version of ChromeDriver only supports Chrome version 114&#10;Current browser version is 126.0.6478.127 with binary path C:\Program Files (x86)\Google\Chrome\Application\chrome.exe&#10;Build info: version: &apos;3.141.59&apos;, revision: &apos;e82be7d358&apos;, time: &apos;2018-11-14T08:17:03&apos;&#10;System info: host: &apos;DESKTOP-994P8DU&apos;, ip: &apos;192.168.1.6&apos;, os.name: &apos;Windows 10&apos;, os.arch: &apos;amd64&apos;, os.version: &apos;10.0&apos;, java.version: &apos;1.8.0_202&apos;&#10;Driver info: driver.version: ChromeDriver&#10;remote stacktrace: Backtrace:&#10;	GetHandleVerifier [0x003EA813+48355]&#10;	(No symbol) [0x0037C4B1]&#10;	(No symbol) [0x00285358]&#10;	(No symbol) [0x002A61AC]&#10;	(No symbol) [0x002A1EF3]&#10;	(No symbol) [0x002A0579]&#10;	(No symbol) [0x002D0C55]&#10;	(No symbol) [0x002D093C]&#10;	(No symbol) [0x002CA536]&#10;	(No symbol) [0x002A82DC]&#10;	(No symbol) [0x002A93DD]&#10;	GetHandleVerifier [0x0064AABD+2539405]&#10;	GetHandleVerifier [0x0068A78F+2800735]&#10;	GetHandleVerifier [0x0068456C+2775612]&#10;	GetHandleVerifier [0x004751E0+616112]&#10;	(No symbol) [0x00385F8C]&#10;	(No symbol) [0x00382328]&#10;	(No symbol) [0x0038240B]&#10;	(No symbol) [0x00374FF7]&#10;	BaseThreadInitThunk [0x7640FCC9+25]&#10;	RtlGetAppContainerNamedObjectPath [0x773080CE+286]&#10;	RtlGetAppContainerNamedObjectPath [0x7730809E+238]&#10;"/>
  </testcase>
  <testcase name="verifyForumSearch" classname="tests.ForumsPageTest" time="0">
    <skipped message="session not created: This version of ChromeDriver only supports Chrome version 114&#10;Current browser version is 126.0.6478.127 with binary path C:\Program Files (x86)\Google\Chrome\Application\chrome.exe&#10;Build info: version: &apos;3.141.59&apos;, revision: &apos;e82be7d358&apos;, time: &apos;2018-11-14T08:17:03&apos;&#10;System info: host: &apos;DESKTOP-994P8DU&apos;, ip: &apos;192.168.1.6&apos;, os.name: &apos;Windows 10&apos;, os.arch: &apos;amd64&apos;, os.version: &apos;10.0&apos;, java.version: &apos;1.8.0_202&apos;&#10;Driver info: driver.version: ChromeDriver&#10;remote stacktrace: Backtrace:&#10;	GetHandleVerifier [0x003EA813+48355]&#10;	(No symbol) [0x0037C4B1]&#10;	(No symbol) [0x00285358]&#10;	(No symbol) [0x002A61AC]&#10;	(No symbol) [0x002A1EF3]&#10;	(No symbol) [0x002A0579]&#10;	(No symbol) [0x002D0C55]&#10;	(No symbol) [0x002D093C]&#10;	(No symbol) [0x002CA536]&#10;	(No symbol) [0x002A82DC]&#10;	(No symbol) [0x002A93DD]&#10;	GetHandleVerifier [0x0064AABD+2539405]&#10;	GetHandleVerifier [0x0068A78F+2800735]&#10;	GetHandleVerifier [0x0068456C+2775612]&#10;	GetHandleVerifier [0x004751E0+616112]&#10;	(No symbol) [0x00385F8C]&#10;	(No symbol) [0x00382328]&#10;	(No symbol) [0x0038240B]&#10;	(No symbol) [0x00374FF7]&#10;	BaseThreadInitThunk [0x7640FCC9+25]&#10;	RtlGetAppContainerNamedObjectPath [0x773080CE+286]&#10;	RtlGetAppContainerNamedObjectPath [0x7730809E+238]&#10;"/>
  </testcase>
  <testcase name="tearDown" classname="tests.ForumsPageTest" time="0.009">
    <failure type="java.lang.NullPointerException">java.lang.NullPointerException
</failure>
  </testcase>
  <testcase name="setup" classname="tests.CheckoutTest" time="1.899">
    <failure message="session not created: This version of ChromeDriver only supports Chrome version 114&#10;Current browser version is 126.0.6478.127 with binary path C:\Program Files (x86)\Google\Chrome\Application\chrome.exe&#10;Build info: version: &apos;3.141.59&apos;, revision: &apos;e82be7d358&apos;, time: &apos;2018-11-14T08:17:03&apos;&#10;System info: host: &apos;DESKTOP-994P8DU&apos;, ip: &apos;192.168.1.6&apos;, os.name: &apos;Windows 10&apos;, os.arch: &apos;amd64&apos;, os.version: &apos;10.0&apos;, java.version: &apos;1.8.0_202&apos;&#10;Driver info: driver.version: ChromeDriver&#10;remote stacktrace: Backtrace:&#10;	GetHandleVerifier [0x003EA813+48355]&#10;	(No symbol) [0x0037C4B1]&#10;	(No symbol) [0x00285358]&#10;	(No symbol) [0x002A61AC]&#10;	(No symbol) [0x002A1EF3]&#10;	(No symbol) [0x002A0579]&#10;	(No symbol) [0x002D0C55]&#10;	(No symbol) [0x002D093C]&#10;	(No symbol) [0x002CA536]&#10;	(No symbol) [0x002A82DC]&#10;	(No symbol) [0x002A93DD]&#10;	GetHandleVerifier [0x0064AABD+2539405]&#10;	GetHandleVerifier [0x0068A78F+2800735]&#10;	GetHandleVerifier [0x0068456C+2775612]&#10;	GetHandleVerifier [0x004751E0+616112]&#10;	(No symbol) [0x00385F8C]&#10;	(No symbol) [0x00382328]&#10;	(No symbol) [0x0038240B]&#10;	(No symbol) [0x00374FF7]&#10;	BaseThreadInitThunk [0x7640FCC9+25]&#10;	RtlGetAppContainerNamedObjectPath [0x773080CE+286]&#10;	RtlGetAppContainerNamedObjectPath [0x7730809E+238]&#10;" type="org.openqa.selenium.SessionNotCreatedException">org.openqa.selenium.SessionNotCreatedException: 
session not created: This version of ChromeDriver only supports Chrome version 114
Current browser version is 126.0.6478.127 with binary path C:\Program Files (x86)\Google\Chrome\Application\chrome.exe
Build info: version: '3.141.59', revision: 'e82be7d358', time: '2018-11-14T08:17:03'
System info: host: 'DESKTOP-994P8DU', ip: '192.168.1.6', os.name: 'Windows 10', os.arch: 'amd64', os.version: '10.0', java.version: '1.8.0_202'
Driver info: driver.version: ChromeDriver
remote stacktrace: Backtrace:
	GetHandleVerifier [0x003EA813+48355]
	(No symbol) [0x0037C4B1]
	(No symbol) [0x00285358]
	(No symbol) [0x002A61AC]
	(No symbol) [0x002A1EF3]
	(No symbol) [0x002A0579]
	(No symbol) [0x002D0C55]
	(No symbol) [0x002D093C]
	(No symbol) [0x002CA536]
	(No symbol) [0x002A82DC]
	(No symbol) [0x002A93DD]
	GetHandleVerifier [0x0064AABD+2539405]
	GetHandleVerifier [0x0068A78F+2800735]
	GetHandleVerifier [0x0068456C+2775612]
	GetHandleVerifier [0x004751E0+616112]
	(No symbol) [0x00385F8C]
	(No symbol) [0x00382328]
	(No symbol) [0x0038240B]
	(No symbol) [0x00374FF7]
	BaseThreadInitThunk [0x7640FCC9+25]
	RtlGetAppContainerNamedObjectPath [0x773080CE+286]
	RtlGetAppContainerNamedObjectPath [0x7730809E+238]

</failure>
    <system-err><![CDATA[ChromeDriver was started successfully.
]]></system-err>
  </testcase>
  <testcase name="navigateToCart" classname="tests.CheckoutTest" time="0">
    <skipped message="session not created: This version of ChromeDriver only supports Chrome version 114&#10;Current browser version is 126.0.6478.127 with binary path C:\Program Files (x86)\Google\Chrome\Application\chrome.exe&#10;Build info: version: &apos;3.141.59&apos;, revision: &apos;e82be7d358&apos;, time: &apos;2018-11-14T08:17:03&apos;&#10;System info: host: &apos;DESKTOP-994P8DU&apos;, ip: &apos;192.168.1.6&apos;, os.name: &apos;Windows 10&apos;, os.arch: &apos;amd64&apos;, os.version: &apos;10.0&apos;, java.version: &apos;1.8.0_202&apos;&#10;Driver info: driver.version: ChromeDriver&#10;remote stacktrace: Backtrace:&#10;	GetHandleVerifier [0x003EA813+48355]&#10;	(No symbol) [0x0037C4B1]&#10;	(No symbol) [0x00285358]&#10;	(No symbol) [0x002A61AC]&#10;	(No symbol) [0x002A1EF3]&#10;	(No symbol) [0x002A0579]&#10;	(No symbol) [0x002D0C55]&#10;	(No symbol) [0x002D093C]&#10;	(No symbol) [0x002CA536]&#10;	(No symbol) [0x002A82DC]&#10;	(No symbol) [0x002A93DD]&#10;	GetHandleVerifier [0x0064AABD+2539405]&#10;	GetHandleVerifier [0x0068A78F+2800735]&#10;	GetHandleVerifier [0x0068456C+2775612]&#10;	GetHandleVerifier [0x004751E0+616112]&#10;	(No symbol) [0x00385F8C]&#10;	(No symbol) [0x00382328]&#10;	(No symbol) [0x0038240B]&#10;	(No symbol) [0x00374FF7]&#10;	BaseThreadInitThunk [0x7640FCC9+25]&#10;	RtlGetAppContainerNamedObjectPath [0x773080CE+286]&#10;	RtlGetAppContainerNamedObjectPath [0x7730809E+238]&#10;"/>
  </testcase>
  <testcase name="verifyRemovingFromCart" classname="tests.CheckoutTest" time="0">
    <skipped message="session not created: This version of ChromeDriver only supports Chrome version 114&#10;Current browser version is 126.0.6478.127 with binary path C:\Program Files (x86)\Google\Chrome\Application\chrome.exe&#10;Build info: version: &apos;3.141.59&apos;, revision: &apos;e82be7d358&apos;, time: &apos;2018-11-14T08:17:03&apos;&#10;System info: host: &apos;DESKTOP-994P8DU&apos;, ip: &apos;192.168.1.6&apos;, os.name: &apos;Windows 10&apos;, os.arch: &apos;amd64&apos;, os.version: &apos;10.0&apos;, java.version: &apos;1.8.0_202&apos;&#10;Driver info: driver.version: ChromeDriver&#10;remote stacktrace: Backtrace:&#10;	GetHandleVerifier [0x003EA813+48355]&#10;	(No symbol) [0x0037C4B1]&#10;	(No symbol) [0x00285358]&#10;	(No symbol) [0x002A61AC]&#10;	(No symbol) [0x002A1EF3]&#10;	(No symbol) [0x002A0579]&#10;	(No symbol) [0x002D0C55]&#10;	(No symbol) [0x002D093C]&#10;	(No symbol) [0x002CA536]&#10;	(No symbol) [0x002A82DC]&#10;	(No symbol) [0x002A93DD]&#10;	GetHandleVerifier [0x0064AABD+2539405]&#10;	GetHandleVerifier [0x0068A78F+2800735]&#10;	GetHandleVerifier [0x0068456C+2775612]&#10;	GetHandleVerifier [0x004751E0+616112]&#10;	(No symbol) [0x00385F8C]&#10;	(No symbol) [0x00382328]&#10;	(No symbol) [0x0038240B]&#10;	(No symbol) [0x00374FF7]&#10;	BaseThreadInitThunk [0x7640FCC9+25]&#10;	RtlGetAppContainerNamedObjectPath [0x773080CE+286]&#10;	RtlGetAppContainerNamedObjectPath [0x7730809E+238]&#10;"/>
  </testcase>
  <testcase name="verifyReadingItemToCart" classname="tests.CheckoutTest" time="0">
    <skipped message="Method CheckoutTest.verifyReadingItemToCart()[pri:2, instance:tests.CheckoutTest@4e1d422d] depends on not successfully finished methods"/>
  </testcase>
  <testcase name="selectAShippingCountry" classname="tests.CheckoutTest" time="0">
    <skipped message="session not created: This version of ChromeDriver only supports Chrome version 114&#10;Current browser version is 126.0.6478.127 with binary path C:\Program Files (x86)\Google\Chrome\Application\chrome.exe&#10;Build info: version: &apos;3.141.59&apos;, revision: &apos;e82be7d358&apos;, time: &apos;2018-11-14T08:17:03&apos;&#10;System info: host: &apos;DESKTOP-994P8DU&apos;, ip: &apos;192.168.1.6&apos;, os.name: &apos;Windows 10&apos;, os.arch: &apos;amd64&apos;, os.version: &apos;10.0&apos;, java.version: &apos;1.8.0_202&apos;&#10;Driver info: driver.version: ChromeDriver&#10;remote stacktrace: Backtrace:&#10;	GetHandleVerifier [0x003EA813+48355]&#10;	(No symbol) [0x0037C4B1]&#10;	(No symbol) [0x00285358]&#10;	(No symbol) [0x002A61AC]&#10;	(No symbol) [0x002A1EF3]&#10;	(No symbol) [0x002A0579]&#10;	(No symbol) [0x002D0C55]&#10;	(No symbol) [0x002D093C]&#10;	(No symbol) [0x002CA536]&#10;	(No symbol) [0x002A82DC]&#10;	(No symbol) [0x002A93DD]&#10;	GetHandleVerifier [0x0064AABD+2539405]&#10;	GetHandleVerifier [0x0068A78F+2800735]&#10;	GetHandleVerifier [0x0068456C+2775612]&#10;	GetHandleVerifier [0x004751E0+616112]&#10;	(No symbol) [0x00385F8C]&#10;	(No symbol) [0x00382328]&#10;	(No symbol) [0x0038240B]&#10;	(No symbol) [0x00374FF7]&#10;	BaseThreadInitThunk [0x7640FCC9+25]&#10;	RtlGetAppContainerNamedObjectPath [0x773080CE+286]&#10;	RtlGetAppContainerNamedObjectPath [0x7730809E+238]&#10;"/>
  </testcase>
  <testcase name="verifyClickingCheckoutLoadsCheckoutPage" classname="tests.CheckoutTest" time="0">
    <skipped message="session not created: This version of ChromeDriver only supports Chrome version 114&#10;Current browser version is 126.0.6478.127 with binary path C:\Program Files (x86)\Google\Chrome\Application\chrome.exe&#10;Build info: version: &apos;3.141.59&apos;, revision: &apos;e82be7d358&apos;, time: &apos;2018-11-14T08:17:03&apos;&#10;System info: host: &apos;DESKTOP-994P8DU&apos;, ip: &apos;192.168.1.6&apos;, os.name: &apos;Windows 10&apos;, os.arch: &apos;amd64&apos;, os.version: &apos;10.0&apos;, java.version: &apos;1.8.0_202&apos;&#10;Driver info: driver.version: ChromeDriver&#10;remote stacktrace: Backtrace:&#10;	GetHandleVerifier [0x003EA813+48355]&#10;	(No symbol) [0x0037C4B1]&#10;	(No symbol) [0x00285358]&#10;	(No symbol) [0x002A61AC]&#10;	(No symbol) [0x002A1EF3]&#10;	(No symbol) [0x002A0579]&#10;	(No symbol) [0x002D0C55]&#10;	(No symbol) [0x002D093C]&#10;	(No symbol) [0x002CA536]&#10;	(No symbol) [0x002A82DC]&#10;	(No symbol) [0x002A93DD]&#10;	GetHandleVerifier [0x0064AABD+2539405]&#10;	GetHandleVerifier [0x0068A78F+2800735]&#10;	GetHandleVerifier [0x0068456C+2775612]&#10;	GetHandleVerifier [0x004751E0+616112]&#10;	(No symbol) [0x00385F8C]&#10;	(No symbol) [0x00382328]&#10;	(No symbol) [0x0038240B]&#10;	(No symbol) [0x00374FF7]&#10;	BaseThreadInitThunk [0x7640FCC9+25]&#10;	RtlGetAppContainerNamedObjectPath [0x773080CE+286]&#10;	RtlGetAppContainerNamedObjectPath [0x7730809E+238]&#10;"/>
  </testcase>
  <testcase name="enterPersonalDetails" classname="tests.CheckoutTest" time="0">
    <skipped message="Method CheckoutTest.enterPersonalDetails()[pri:5, instance:tests.CheckoutTest@4e1d422d] depends on not successfully finished methods"/>
  </testcase>
  <testcase name="tearDown" classname="tests.CheckoutTest" time="0">
    <failure type="java.lang.NullPointerException">java.lang.NullPointerException
</failure>
  </testcase>
</testsuite>